Using pre-set license
Built from '2020.3/staging' branch; Version is '2020.3.11f1 (99c7afb366b3) revision 10078127'; Using compiler version '192528614'; Build Type 'Release'
OS: 'Windows 10 Pro; OS build 19042.1288; Version 2009; 64bit' Language: 'ru' Physical Memory: 16309 MB
BatchMode: 1, IsHumanControllingUs: 0, StartBugReporterOnCrash: 0, Is64bit: 1, IsPro: 0

 COMMAND LINE ARGUMENTS:
D:\Programs\Unity\2020.3.11f1\Editor\Unity.exe
-adb2
-batchMode
-noUpm
-name
AssetImportWorker0
-projectPath
D:/Project/RPG(version 1.1)/RPG
-logFile
Logs/AssetImportWorker0.log
-srvPort
54891
Successfully changed project path to: D:/Project/RPG(version 1.1)/RPG
D:/Project/RPG(version 1.1)/RPG
Using Asset Import Pipeline V2.
Refreshing native plugins compatible for Editor in 29.52 ms, found 2 plugins.
Preloading 0 native plugins for Editor in 0.00 ms.
Initialize engine version: 2020.3.11f1 (99c7afb366b3)
[Subsystems] Discovering subsystems at path D:/Programs/Unity/2020.3.11f1/Editor/Data/Resources/UnitySubsystems
[Subsystems] Discovering subsystems at path D:/Project/RPG(version 1.1)/RPG/Assets
GfxDevice: creating device client; threaded=0
Direct3D:
    Version:  Direct3D 11.0 [level 11.1]
    Renderer: NVIDIA GeForce GTX 1660 Ti (ID=0x2182)
    Vendor:   
    VRAM:     5991 MB
    Driver:   27.21.14.6079
Initialize mono
Mono path[0] = 'D:/Programs/Unity/2020.3.11f1/Editor/Data/Managed'
Mono path[1] = 'D:/Programs/Unity/2020.3.11f1/Editor/Data/MonoBleedingEdge/lib/mono/unityjit'
Mono config path = 'D:/Programs/Unity/2020.3.11f1/Editor/Data/MonoBleedingEdge/etc'
Using monoOptions --debugger-agent=transport=dt_socket,embedding=1,server=y,suspend=n,address=127.0.0.1:56836
Begin MonoManager ReloadAssembly
Registering precompiled unity dll's ...
Register platform support module: D:/Programs/Unity/2020.3.11f1/Editor/Data/PlaybackEngines/WebGLSupport/UnityEditor.WebGL.Extensions.dll
Register platform support module: D:/Programs/Unity/2020.3.11f1/Editor/Data/PlaybackEngines/MacStandaloneSupport/UnityEditor.OSXStandalone.Extensions.dll
Register platform support module: D:/Programs/Unity/2020.3.11f1/Editor/Data/PlaybackEngines/WindowsStandaloneSupport/UnityEditor.WindowsStandalone.Extensions.dll
Register platform support module: D:/Programs/Unity/2020.3.11f1/Editor/Data/PlaybackEngines/LinuxStandaloneSupport/UnityEditor.LinuxStandalone.Extensions.dll
Register platform support module: D:/Programs/Unity/2020.3.11f1/Editor/Data/PlaybackEngines/LuminSupport/UnityEditor.Lumin.Extensions.dll
Registered in 0.003980 seconds.
Native extension for Lumin target not found
Native extension for LinuxStandalone target not found
Native extension for WindowsStandalone target not found
Native extension for OSXStandalone target not found
Native extension for WebGL target not found
Refreshing native plugins compatible for Editor in 28.78 ms, found 2 plugins.
Preloading 0 native plugins for Editor in 0.00 ms.
Mono: successfully reloaded assembly
- Completed reload, in  2.306 seconds
Platform modules already initialized, skipping
Registering precompiled user dll's ...
Registered in 0.008427 seconds.
Begin MonoManager ReloadAssembly
Native extension for Lumin target not found
Native extension for LinuxStandalone target not found
Native extension for WindowsStandalone target not found
Native extension for OSXStandalone target not found
Native extension for WebGL target not found
Refreshing native plugins compatible for Editor in 0.35 ms, found 2 plugins.
Preloading 0 native plugins for Editor in 0.00 ms.
Mono: successfully reloaded assembly
- Completed reload, in  1.244 seconds
Platform modules already initialized, skipping
========================================================================
Worker process is ready to serve import requests
Launched and connected shader compiler UnityShaderCompiler.exe after 0.04 seconds
Refreshing native plugins compatible for Editor in 0.33 ms, found 2 plugins.
Preloading 0 native plugins for Editor in 0.00 ms.
Unloading 1783 Unused Serialized files (Serialized files now loaded: 0)
System memory in use before: 84.2 MB.
System memory in use after: 84.3 MB.

Unloading 19 unused Assets to reduce memory usage. Loaded Objects now: 2216.
Total: 1.842400 ms (FindLiveObjects: 0.158600 ms CreateObjectMapping: 0.044500 ms MarkObjects: 1.584900 ms  DeleteObjects: 0.053300 ms)

========================================================================
Received Import Request.
  path: Assets/Materials
  artifactKey: Guid(a9834bc9cdd9ca74cbc28cdcd8d1e7ce) Importer(815301076,1909f56bfc062723c751e8b465ee728b)
Start importing Assets/Materials using Guid(a9834bc9cdd9ca74cbc28cdcd8d1e7ce) Importer(815301076,1909f56bfc062723c751e8b465ee728b)  -> (artifact id: 'e66d73569cbbb69e931e2d78af2fdc95') in 0.007236 seconds
  Import took 0.010344 seconds .

========================================================================
Received Import Request.
  Time since last request: 7.376819 seconds.
  path: Assets/Materials/New Material.mat
  artifactKey: Guid(6aa177d3e254ef342b89dcf94671c70e) Importer(815301076,1909f56bfc062723c751e8b465ee728b)
Start importing Assets/Materials/New Material.mat using Guid(6aa177d3e254ef342b89dcf94671c70e) Importer(815301076,1909f56bfc062723c751e8b465ee728b)  -> (artifact id: 'b5a457cc2088c869dd79650bb17f3a32') in 0.102624 seconds
  Import took 0.105722 seconds .

========================================================================
Received Import Request.
  Time since last request: 24.970578 seconds.
  path: Assets/Materials/Item.mat
  artifactKey: Guid(bcb64250cc99d744ea408eab5a69aa72) Importer(815301076,1909f56bfc062723c751e8b465ee728b)
Start importing Assets/Materials/Item.mat using Guid(bcb64250cc99d744ea408eab5a69aa72) Importer(815301076,1909f56bfc062723c751e8b465ee728b)  -> (artifact id: '95c0d0d1c197284a1d99fd44f51969f1') in 0.015978 seconds
  Import took 0.019262 seconds .

========================================================================
Received Prepare
Registering precompiled user dll's ...
Registered in 0.002206 seconds.
Begin MonoManager ReloadAssembly
Native extension for Lumin target not found
Native extension for LinuxStandalone target not found
Native extension for WindowsStandalone target not found
Native extension for OSXStandalone target not found
Native extension for WebGL target not found
Refreshing native plugins compatible for Editor in 0.36 ms, found 2 plugins.
Preloading 0 native plugins for Editor in 0.00 ms.
Mono: successfully reloaded assembly
- Completed reload, in  0.900 seconds
Platform modules already initialized, skipping
Refreshing native plugins compatible for Editor in 0.35 ms, found 2 plugins.
Preloading 0 native plugins for Editor in 0.00 ms.
Unloading 1777 Unused Serialized files (Serialized files now loaded: 0)
System memory in use before: 87.3 MB.
System memory in use after: 87.4 MB.

Unloading 14 unused Assets to reduce memory usage. Loaded Objects now: 2260.
Total: 1.923800 ms (FindLiveObjects: 0.187100 ms CreateObjectMapping: 0.040800 ms MarkObjects: 1.676700 ms  DeleteObjects: 0.018300 ms)

========================================================================
Received Import Request.
  Time since last request: 119.457705 seconds.
  path: Assets/ItemPickUp.cs
  artifactKey: Guid(3366826bbbca00d42baf987fb9c8167a) Importer(815301076,1909f56bfc062723c751e8b465ee728b)
Start importing Assets/ItemPickUp.cs using Guid(3366826bbbca00d42baf987fb9c8167a) Importer(815301076,1909f56bfc062723c751e8b465ee728b)  -> (artifact id: 'e8a207fcf946557c48732337b31e6140') in 0.013961 seconds
  Import took 0.016912 seconds .

========================================================================
Received Prepare
Registering precompiled user dll's ...
Registered in 0.002250 seconds.
Begin MonoManager ReloadAssembly
Native extension for Lumin target not found
Native extension for LinuxStandalone target not found
Native extension for WindowsStandalone target not found
Native extension for OSXStandalone target not found
Native extension for WebGL target not found
Refreshing native plugins compatible for Editor in 0.36 ms, found 2 plugins.
Preloading 0 native plugins for Editor in 0.00 ms.
Mono: successfully reloaded assembly
- Completed reload, in  0.918 seconds
Platform modules already initialized, skipping
Refreshing native plugins compatible for Editor in 0.36 ms, found 2 plugins.
Preloading 0 native plugins for Editor in 0.00 ms.
Unloading 1777 Unused Serialized files (Serialized files now loaded: 0)
System memory in use before: 87.4 MB.
System memory in use after: 87.5 MB.

Unloading 14 unused Assets to reduce memory usage. Loaded Objects now: 2263.
Total: 1.954200 ms (FindLiveObjects: 0.164900 ms CreateObjectMapping: 0.040800 ms MarkObjects: 1.728900 ms  DeleteObjects: 0.018500 ms)

========================================================================
Received Import Request.
  Time since last request: 56.864023 seconds.
  path: Assets/ItemPickUp.cs
  artifactKey: Guid(3366826bbbca00d42baf987fb9c8167a) Importer(815301076,1909f56bfc062723c751e8b465ee728b)
Start importing Assets/ItemPickUp.cs using Guid(3366826bbbca00d42baf987fb9c8167a) Importer(815301076,1909f56bfc062723c751e8b465ee728b)  -> (artifact id: 'd281e57ee0cf032ef06d887fffc32785') in 0.004703 seconds
  Import took 0.007959 seconds .

========================================================================
Received Prepare
Registering precompiled user dll's ...
Registered in 0.002476 seconds.
Begin MonoManager ReloadAssembly
Native extension for Lumin target not found
Native extension for LinuxStandalone target not found
Native extension for WindowsStandalone target not found
Native extension for OSXStandalone target not found
Native extension for WebGL target not found
Refreshing native plugins compatible for Editor in 0.40 ms, found 2 plugins.
Preloading 0 native plugins for Editor in 0.00 ms.
Mono: successfully reloaded assembly
- Completed reload, in  0.960 seconds
Platform modules already initialized, skipping
Refreshing native plugins compatible for Editor in 0.35 ms, found 2 plugins.
Preloading 0 native plugins for Editor in 0.00 ms.
Unloading 1777 Unused Serialized files (Serialized files now loaded: 0)
System memory in use before: 87.4 MB.
System memory in use after: 87.5 MB.

Unloading 14 unused Assets to reduce memory usage. Loaded Objects now: 2266.
Total: 2.154800 ms (FindLiveObjects: 0.195900 ms CreateObjectMapping: 0.044300 ms MarkObjects: 1.894800 ms  DeleteObjects: 0.018700 ms)

========================================================================
Received Import Request.
  Time since last request: 307.276559 seconds.
  path: Assets/Scripts/PlayerController.cs
  artifactKey: Guid(9f4e86be740579f47ae7cb95abc058b5) Importer(815301076,1909f56bfc062723c751e8b465ee728b)
Start importing Assets/Scripts/PlayerController.cs using Guid(9f4e86be740579f47ae7cb95abc058b5) Importer(815301076,1909f56bfc062723c751e8b465ee728b)  -> (artifact id: 'e7a2c5badf8affe186446d5e0258e38e') in 0.007938 seconds
  Import took 0.010891 seconds .

========================================================================
Received Import Request.
  Time since last request: 0.017266 seconds.
  path: Assets/Scripts/PlayerController.cs
  artifactKey: Guid(9f4e86be740579f47ae7cb95abc058b5) Importer(815301076,1909f56bfc062723c751e8b465ee728b)
Start importing Assets/Scripts/PlayerController.cs using Guid(9f4e86be740579f47ae7cb95abc058b5) Importer(815301076,1909f56bfc062723c751e8b465ee728b)  -> (artifact id: 'e7a2c5badf8affe186446d5e0258e38e') in 0.001500 seconds
  Import took 0.004091 seconds .

========================================================================
Received Prepare
Registering precompiled user dll's ...
Registered in 0.002319 seconds.
Begin MonoManager ReloadAssembly
Native extension for Lumin target not found
Native extension for LinuxStandalone target not found
Native extension for WindowsStandalone target not found
Native extension for OSXStandalone target not found
Native extension for WebGL target not found
Refreshing native plugins compatible for Editor in 0.37 ms, found 2 plugins.
Preloading 0 native plugins for Editor in 0.00 ms.
Mono: successfully reloaded assembly
- Completed reload, in  0.892 seconds
Platform modules already initialized, skipping
Refreshing native plugins compatible for Editor in 0.36 ms, found 2 plugins.
Preloading 0 native plugins for Editor in 0.00 ms.
Unloading 1777 Unused Serialized files (Serialized files now loaded: 0)
System memory in use before: 87.4 MB.
System memory in use after: 87.5 MB.

Unloading 14 unused Assets to reduce memory usage. Loaded Objects now: 2269.
Total: 1.916900 ms (FindLiveObjects: 0.172500 ms CreateObjectMapping: 0.039900 ms MarkObjects: 1.682600 ms  DeleteObjects: 0.020700 ms)

========================================================================
Received Prepare
Registering precompiled user dll's ...
Registered in 0.002288 seconds.
Begin MonoManager ReloadAssembly
Native extension for Lumin target not found
Native extension for LinuxStandalone target not found
Native extension for WindowsStandalone target not found
Native extension for OSXStandalone target not found
Native extension for WebGL target not found
Refreshing native plugins compatible for Editor in 0.36 ms, found 2 plugins.
Preloading 0 native plugins for Editor in 0.00 ms.
Mono: successfully reloaded assembly
- Completed reload, in  0.938 seconds
Platform modules already initialized, skipping
Refreshing native plugins compatible for Editor in 0.36 ms, found 2 plugins.
Preloading 0 native plugins for Editor in 0.00 ms.
Unloading 1777 Unused Serialized files (Serialized files now loaded: 0)
System memory in use before: 87.4 MB.
System memory in use after: 87.5 MB.

Unloading 14 unused Assets to reduce memory usage. Loaded Objects now: 2272.
Total: 1.808000 ms (FindLiveObjects: 0.145300 ms CreateObjectMapping: 0.040900 ms MarkObjects: 1.606800 ms  DeleteObjects: 0.013900 ms)

========================================================================
Received Prepare
Registering precompiled user dll's ...
Registered in 0.002481 seconds.
Begin MonoManager ReloadAssembly
Native extension for Lumin target not found
Native extension for LinuxStandalone target not found
Native extension for WindowsStandalone target not found
Native extension for OSXStandalone target not found
Native extension for WebGL target not found
Refreshing native plugins compatible for Editor in 0.36 ms, found 2 plugins.
Preloading 0 native plugins for Editor in 0.00 ms.
Mono: successfully reloaded assembly
- Completed reload, in  0.961 seconds
Platform modules already initialized, skipping
Refreshing native plugins compatible for Editor in 0.35 ms, found 2 plugins.
Preloading 0 native plugins for Editor in 0.00 ms.
Unloading 1777 Unused Serialized files (Serialized files now loaded: 0)
System memory in use before: 87.4 MB.
System memory in use after: 87.5 MB.

Unloading 14 unused Assets to reduce memory usage. Loaded Objects now: 2275.
Total: 2.168700 ms (FindLiveObjects: 0.203400 ms CreateObjectMapping: 0.043400 ms MarkObjects: 1.903800 ms  DeleteObjects: 0.017100 ms)

========================================================================
Received Prepare
Registering precompiled user dll's ...
Registered in 0.002263 seconds.
Begin MonoManager ReloadAssembly
Native extension for Lumin target not found
Native extension for LinuxStandalone target not found
Native extension for WindowsStandalone target not found
Native extension for OSXStandalone target not found
Native extension for WebGL target not found
Refreshing native plugins compatible for Editor in 0.36 ms, found 2 plugins.
Preloading 0 native plugins for Editor in 0.00 ms.
Mono: successfully reloaded assembly
- Completed reload, in  0.869 seconds
Platform modules already initialized, skipping
Refreshing native plugins compatible for Editor in 0.30 ms, found 2 plugins.
Preloading 0 native plugins for Editor in 0.00 ms.
Unloading 1777 Unused Serialized files (Serialized files now loaded: 0)
System memory in use before: 87.4 MB.
System memory in use after: 87.5 MB.

Unloading 14 unused Assets to reduce memory usage. Loaded Objects now: 2278.
Total: 1.962200 ms (FindLiveObjects: 0.174000 ms CreateObjectMapping: 0.048400 ms MarkObjects: 1.718900 ms  DeleteObjects: 0.019400 ms)

========================================================================
Received Import Request.
  Time since last request: 1760.900443 seconds.
  path: Assets/Scripts/Interactable.cs
  artifactKey: Guid(ef8cb7e994009bb41a9b0d58ec66793e) Importer(815301076,1909f56bfc062723c751e8b465ee728b)
Start importing Assets/Scripts/Interactable.cs using Guid(ef8cb7e994009bb41a9b0d58ec66793e) Importer(815301076,1909f56bfc062723c751e8b465ee728b)  -> (artifact id: '133d2e00be47549ffa5cb6d7a2129964') in 0.006762 seconds
  Import took 0.009738 seconds .

========================================================================
Received Import Request.
  Time since last request: 0.958582 seconds.
  path: Assets/Scripts/Interactable.cs
  artifactKey: Guid(ef8cb7e994009bb41a9b0d58ec66793e) Importer(815301076,1909f56bfc062723c751e8b465ee728b)
Start importing Assets/Scripts/Interactable.cs using Guid(ef8cb7e994009bb41a9b0d58ec66793e) Importer(815301076,1909f56bfc062723c751e8b465ee728b)  -> (artifact id: '133d2e00be47549ffa5cb6d7a2129964') in 0.001293 seconds
  Import took 0.003671 seconds .

========================================================================
Received Prepare
Registering precompiled user dll's ...
Registered in 0.002115 seconds.
Begin MonoManager ReloadAssembly
Native extension for Lumin target not found
Native extension for LinuxStandalone target not found
Native extension for WindowsStandalone target not found
Native extension for OSXStandalone target not found
Native extension for WebGL target not found
Refreshing native plugins compatible for Editor in 0.35 ms, found 2 plugins.
Preloading 0 native plugins for Editor in 0.00 ms.
Mono: successfully reloaded assembly
- Completed reload, in  0.836 seconds
Platform modules already initialized, skipping
Refreshing native plugins compatible for Editor in 0.32 ms, found 2 plugins.
Preloading 0 native plugins for Editor in 0.00 ms.
Unloading 1777 Unused Serialized files (Serialized files now loaded: 0)
System memory in use before: 87.4 MB.
System memory in use after: 87.5 MB.

Unloading 14 unused Assets to reduce memory usage. Loaded Objects now: 2281.
Total: 2.125200 ms (FindLiveObjects: 0.178100 ms CreateObjectMapping: 0.049100 ms MarkObjects: 1.878800 ms  DeleteObjects: 0.018000 ms)

========================================================================
Received Prepare
Registering precompiled user dll's ...
Registered in 0.002261 seconds.
Begin MonoManager ReloadAssembly
Native extension for Lumin target not found
Native extension for LinuxStandalone target not found
Native extension for WindowsStandalone target not found
Native extension for OSXStandalone target not found
Native extension for WebGL target not found
Refreshing native plugins compatible for Editor in 0.38 ms, found 2 plugins.
Preloading 0 native plugins for Editor in 0.00 ms.
Mono: successfully reloaded assembly
- Completed reload, in  0.867 seconds
Platform modules already initialized, skipping
Refreshing native plugins compatible for Editor in 0.34 ms, found 2 plugins.
Preloading 0 native plugins for Editor in 0.00 ms.
Unloading 1777 Unused Serialized files (Serialized files now loaded: 0)
System memory in use before: 87.4 MB.
System memory in use after: 87.5 MB.

Unloading 14 unused Assets to reduce memory usage. Loaded Objects now: 2284.
Total: 1.822500 ms (FindLiveObjects: 0.172000 ms CreateObjectMapping: 0.040800 ms MarkObjects: 1.589400 ms  DeleteObjects: 0.018800 ms)

========================================================================
Received Import Request.
  Time since last request: 136.402038 seconds.
  path: Assets/Scripts/Interactable.cs
  artifactKey: Guid(ef8cb7e994009bb41a9b0d58ec66793e) Importer(815301076,1909f56bfc062723c751e8b465ee728b)
Start importing Assets/Scripts/Interactable.cs using Guid(ef8cb7e994009bb41a9b0d58ec66793e) Importer(815301076,1909f56bfc062723c751e8b465ee728b)  -> (artifact id: '3f8d9b83ab79192c059704ecce564690') in 0.003431 seconds
  Import took 0.006340 seconds .

========================================================================
Received Import Request.
  Time since last request: 0.952047 seconds.
  path: Assets/Scripts/Interactable.cs
  artifactKey: Guid(ef8cb7e994009bb41a9b0d58ec66793e) Importer(815301076,1909f56bfc062723c751e8b465ee728b)
Start importing Assets/Scripts/Interactable.cs using Guid(ef8cb7e994009bb41a9b0d58ec66793e) Importer(815301076,1909f56bfc062723c751e8b465ee728b)  -> (artifact id: '3f8d9b83ab79192c059704ecce564690') in 0.001438 seconds
  Import took 0.003824 seconds .

========================================================================
Received Prepare
Registering precompiled user dll's ...
Registered in 0.002140 seconds.
Begin MonoManager ReloadAssembly
Native extension for Lumin target not found
Native extension for LinuxStandalone target not found
Native extension for WindowsStandalone target not found
Native extension for OSXStandalone target not found
Native extension for WebGL target not found
Refreshing native plugins compatible for Editor in 0.37 ms, found 2 plugins.
Preloading 0 native plugins for Editor in 0.00 ms.
Mono: successfully reloaded assembly
- Completed reload, in  0.886 seconds
Platform modules already initialized, skipping
Refreshing native plugins compatible for Editor in 0.32 ms, found 2 plugins.
Preloading 0 native plugins for Editor in 0.00 ms.
Unloading 1777 Unused Serialized files (Serialized files now loaded: 0)
System memory in use before: 87.4 MB.
System memory in use after: 87.5 MB.

Unloading 14 unused Assets to reduce memory usage. Loaded Objects now: 2287.
Total: 1.796300 ms (FindLiveObjects: 0.170500 ms CreateObjectMapping: 0.040400 ms MarkObjects: 1.571700 ms  DeleteObjects: 0.013100 ms)

========================================================================
Received Prepare
Registering precompiled user dll's ...
Registered in 0.002217 seconds.
Begin MonoManager ReloadAssembly
Native extension for Lumin target not found
Native extension for LinuxStandalone target not found
Native extension for WindowsStandalone target not found
Native extension for OSXStandalone target not found
Native extension for WebGL target not found
Refreshing native plugins compatible for Editor in 0.38 ms, found 2 plugins.
Preloading 0 native plugins for Editor in 0.00 ms.
Mono: successfully reloaded assembly
- Completed reload, in  0.861 seconds
Platform modules already initialized, skipping
Refreshing native plugins compatible for Editor in 0.30 ms, found 2 plugins.
Preloading 0 native plugins for Editor in 0.00 ms.
Unloading 1777 Unused Serialized files (Serialized files now loaded: 0)
System memory in use before: 87.4 MB.
System memory in use after: 87.5 MB.

Unloading 14 unused Assets to reduce memory usage. Loaded Objects now: 2290.
Total: 2.159100 ms (FindLiveObjects: 0.209800 ms CreateObjectMapping: 0.046800 ms MarkObjects: 1.883900 ms  DeleteObjects: 0.017600 ms)

========================================================================
Received Import Request.
  Time since last request: 178.689788 seconds.
  path: Assets/Scripts/Interactable.cs
  artifactKey: Guid(ef8cb7e994009bb41a9b0d58ec66793e) Importer(815301076,1909f56bfc062723c751e8b465ee728b)
Start importing Assets/Scripts/Interactable.cs using Guid(ef8cb7e994009bb41a9b0d58ec66793e) Importer(815301076,1909f56bfc062723c751e8b465ee728b)  -> (artifact id: '555eea1da7b77d015dff1b98f0b93e46') in 0.003678 seconds
  Import took 0.006537 seconds .

========================================================================
Received Import Request.
  Time since last request: 0.958375 seconds.
  path: Assets/Scripts/Interactable.cs
  artifactKey: Guid(ef8cb7e994009bb41a9b0d58ec66793e) Importer(815301076,1909f56bfc062723c751e8b465ee728b)
Start importing Assets/Scripts/Interactable.cs using Guid(ef8cb7e994009bb41a9b0d58ec66793e) Importer(815301076,1909f56bfc062723c751e8b465ee728b)  -> (artifact id: '555eea1da7b77d015dff1b98f0b93e46') in 0.001368 seconds
  Import took 0.003884 seconds .

========================================================================
Received Prepare
Registering precompiled user dll's ...
Registered in 0.002351 seconds.
Begin MonoManager ReloadAssembly
Native extension for Lumin target not found
Native extension for LinuxStandalone target not found
Native extension for WindowsStandalone target not found
Native extension for OSXStandalone target not found
Native extension for WebGL target not found
Refreshing native plugins compatible for Editor in 0.36 ms, found 2 plugins.
Preloading 0 native plugins for Editor in 0.00 ms.
Mono: successfully reloaded assembly
- Completed reload, in  0.878 seconds
Platform modules already initialized, skipping
Refreshing native plugins compatible for Editor in 0.35 ms, found 2 plugins.
Preloading 0 native plugins for Editor in 0.00 ms.
Unloading 1777 Unused Serialized files (Serialized files now loaded: 0)
System memory in use before: 87.4 MB.
System memory in use after: 87.6 MB.

Unloading 14 unused Assets to reduce memory usage. Loaded Objects now: 2293.
Total: 2.088700 ms (FindLiveObjects: 0.190000 ms CreateObjectMapping: 0.048500 ms MarkObjects: 1.831200 ms  DeleteObjects: 0.017600 ms)

========================================================================
Received Prepare
Registering precompiled user dll's ...
Registered in 0.002224 seconds.
Begin MonoManager ReloadAssembly
Native extension for Lumin target not found
Native extension for LinuxStandalone target not found
Native extension for WindowsStandalone target not found
Native extension for OSXStandalone target not found
Native extension for WebGL target not found
Refreshing native plugins compatible for Editor in 0.39 ms, found 2 plugins.
Preloading 0 native plugins for Editor in 0.00 ms.
Mono: successfully reloaded assembly
- Completed reload, in  0.876 seconds
Platform modules already initialized, skipping
Refreshing native plugins compatible for Editor in 0.31 ms, found 2 plugins.
Preloading 0 native plugins for Editor in 0.00 ms.
Unloading 1777 Unused Serialized files (Serialized files now loaded: 0)
System memory in use before: 87.5 MB.
System memory in use after: 87.6 MB.

Unloading 14 unused Assets to reduce memory usage. Loaded Objects now: 2296.
Total: 1.903200 ms (FindLiveObjects: 0.163100 ms CreateObjectMapping: 0.040100 ms MarkObjects: 1.681000 ms  DeleteObjects: 0.018300 ms)

========================================================================
Received Import Request.
  Time since last request: 143.663169 seconds.
  path: Assets/Scripts/Interactable.cs
  artifactKey: Guid(ef8cb7e994009bb41a9b0d58ec66793e) Importer(815301076,1909f56bfc062723c751e8b465ee728b)
Start importing Assets/Scripts/Interactable.cs using Guid(ef8cb7e994009bb41a9b0d58ec66793e) Importer(815301076,1909f56bfc062723c751e8b465ee728b)  -> (artifact id: 'e2fde30c8e3ef17b738fe995edcd1fed') in 0.003491 seconds
  Import took 0.006302 seconds .

========================================================================
Received Prepare
Registering precompiled user dll's ...
Registered in 0.002181 seconds.
Begin MonoManager ReloadAssembly
Native extension for Lumin target not found
Native extension for LinuxStandalone target not found
Native extension for WindowsStandalone target not found
Native extension for OSXStandalone target not found
Native extension for WebGL target not found
Refreshing native plugins compatible for Editor in 0.35 ms, found 2 plugins.
Preloading 0 native plugins for Editor in 0.00 ms.
Mono: successfully reloaded assembly
- Completed reload, in  0.841 seconds
Platform modules already initialized, skipping
Refreshing native plugins compatible for Editor in 0.34 ms, found 2 plugins.
Preloading 0 native plugins for Editor in 0.00 ms.
Unloading 1777 Unused Serialized files (Serialized files now loaded: 0)
System memory in use before: 87.5 MB.
System memory in use after: 87.6 MB.

Unloading 14 unused Assets to reduce memory usage. Loaded Objects now: 2299.
Total: 2.077300 ms (FindLiveObjects: 0.167200 ms CreateObjectMapping: 0.040100 ms MarkObjects: 1.848800 ms  DeleteObjects: 0.020000 ms)

========================================================================
Received Prepare
Registering precompiled user dll's ...
Registered in 0.002572 seconds.
Begin MonoManager ReloadAssembly
Native extension for Lumin target not found
Native extension for LinuxStandalone target not found
Native extension for WindowsStandalone target not found
Native extension for OSXStandalone target not found
Native extension for WebGL target not found
Refreshing native plugins compatible for Editor in 0.36 ms, found 2 plugins.
Preloading 0 native plugins for Editor in 0.00 ms.
Mono: successfully reloaded assembly
- Completed reload, in  0.846 seconds
Platform modules already initialized, skipping
Refreshing native plugins compatible for Editor in 0.34 ms, found 2 plugins.
Preloading 0 native plugins for Editor in 0.00 ms.
Unloading 1777 Unused Serialized files (Serialized files now loaded: 0)
System memory in use before: 87.5 MB.
System memory in use after: 87.6 MB.

Unloading 14 unused Assets to reduce memory usage. Loaded Objects now: 2302.
Total: 1.805400 ms (FindLiveObjects: 0.164400 ms CreateObjectMapping: 0.040200 ms MarkObjects: 1.586000 ms  DeleteObjects: 0.013300 ms)

AssetImportWorkerClient::OnTransportError - code=2 error=End of file
