Using pre-set license
Built from '2020.3/staging' branch; Version is '2020.3.11f1 (99c7afb366b3) revision 10078127'; Using compiler version '192528614'; Build Type 'Release'
OS: 'Windows 10 Pro; OS build 19042.1348; Version 2009; 64bit' Language: 'ru' Physical Memory: 16309 MB
BatchMode: 1, IsHumanControllingUs: 0, StartBugReporterOnCrash: 0, Is64bit: 1, IsPro: 0

 COMMAND LINE ARGUMENTS:
D:\Programs\Unity\2020.3.11f1\Editor\Unity.exe
-adb2
-batchMode
-noUpm
-name
AssetImportWorker0
-projectPath
D:/Project/RPG(version 1.1)/RPG
-logFile
Logs/AssetImportWorker0.log
-srvPort
64081
Successfully changed project path to: D:/Project/RPG(version 1.1)/RPG
D:/Project/RPG(version 1.1)/RPG
Using Asset Import Pipeline V2.
Refreshing native plugins compatible for Editor in 33.56 ms, found 2 plugins.
Preloading 0 native plugins for Editor in 0.00 ms.
Initialize engine version: 2020.3.11f1 (99c7afb366b3)
[Subsystems] Discovering subsystems at path D:/Programs/Unity/2020.3.11f1/Editor/Data/Resources/UnitySubsystems
[Subsystems] Discovering subsystems at path D:/Project/RPG(version 1.1)/RPG/Assets
GfxDevice: creating device client; threaded=0
Direct3D:
    Version:  Direct3D 11.0 [level 11.1]
    Renderer: NVIDIA GeForce GTX 1660 Ti (ID=0x2182)
    Vendor:   
    VRAM:     5991 MB
    Driver:   27.21.14.6079
Initialize mono
Mono path[0] = 'D:/Programs/Unity/2020.3.11f1/Editor/Data/Managed'
Mono path[1] = 'D:/Programs/Unity/2020.3.11f1/Editor/Data/MonoBleedingEdge/lib/mono/unityjit'
Mono config path = 'D:/Programs/Unity/2020.3.11f1/Editor/Data/MonoBleedingEdge/etc'
Using monoOptions --debugger-agent=transport=dt_socket,embedding=1,server=y,suspend=n,address=127.0.0.1:56104
Begin MonoManager ReloadAssembly
Registering precompiled unity dll's ...
Register platform support module: D:/Programs/Unity/2020.3.11f1/Editor/Data/PlaybackEngines/WebGLSupport/UnityEditor.WebGL.Extensions.dll
Register platform support module: D:/Programs/Unity/2020.3.11f1/Editor/Data/PlaybackEngines/MacStandaloneSupport/UnityEditor.OSXStandalone.Extensions.dll
Register platform support module: D:/Programs/Unity/2020.3.11f1/Editor/Data/PlaybackEngines/WindowsStandaloneSupport/UnityEditor.WindowsStandalone.Extensions.dll
Register platform support module: D:/Programs/Unity/2020.3.11f1/Editor/Data/PlaybackEngines/LinuxStandaloneSupport/UnityEditor.LinuxStandalone.Extensions.dll
Register platform support module: D:/Programs/Unity/2020.3.11f1/Editor/Data/PlaybackEngines/LuminSupport/UnityEditor.Lumin.Extensions.dll
Registered in 0.001498 seconds.
Native extension for Lumin target not found
Native extension for LinuxStandalone target not found
Native extension for WindowsStandalone target not found
Native extension for OSXStandalone target not found
Native extension for WebGL target not found
Refreshing native plugins compatible for Editor in 33.23 ms, found 2 plugins.
Preloading 0 native plugins for Editor in 0.00 ms.
Mono: successfully reloaded assembly
- Completed reload, in  1.376 seconds
Platform modules already initialized, skipping
Registering precompiled user dll's ...
Registered in 0.002660 seconds.
Begin MonoManager ReloadAssembly
Native extension for Lumin target not found
Native extension for LinuxStandalone target not found
Native extension for WindowsStandalone target not found
Native extension for OSXStandalone target not found
Native extension for WebGL target not found
Refreshing native plugins compatible for Editor in 0.43 ms, found 2 plugins.
Preloading 0 native plugins for Editor in 0.00 ms.
Mono: successfully reloaded assembly
- Completed reload, in  1.418 seconds
Platform modules already initialized, skipping
========================================================================
Worker process is ready to serve import requests
Launched and connected shader compiler UnityShaderCompiler.exe after 0.04 seconds
Refreshing native plugins compatible for Editor in 0.38 ms, found 2 plugins.
Preloading 0 native plugins for Editor in 0.00 ms.
Unloading 1925 Unused Serialized files (Serialized files now loaded: 0)
System memory in use before: 88.8 MB.
System memory in use after: 88.9 MB.

Unloading 19 unused Assets to reduce memory usage. Loaded Objects now: 2359.
Total: 2.321600 ms (FindLiveObjects: 0.191500 ms CreateObjectMapping: 0.050600 ms MarkObjects: 2.019200 ms  DeleteObjects: 0.059400 ms)

========================================================================
Received Import Request.
  path: Assets/Scripts/Items/Equipment.cs
  artifactKey: Guid(ad6b17fb82391a146bc0a9d9358e97b9) Importer(815301076,1909f56bfc062723c751e8b465ee728b)
Start importing Assets/Scripts/Items/Equipment.cs using Guid(ad6b17fb82391a146bc0a9d9358e97b9) Importer(815301076,1909f56bfc062723c751e8b465ee728b)  -> (artifact id: '4cc28047f4d5437bf5b555c8689aca46') in 0.025269 seconds
  Import took 0.028355 seconds .

========================================================================
Received Import Request.
  Time since last request: 29.355702 seconds.
  path: Assets/Scripts/Items/EquipmentManager.cs
  artifactKey: Guid(1fd1283b44c2590468424e0fc508c9c5) Importer(815301076,1909f56bfc062723c751e8b465ee728b)
Start importing Assets/Scripts/Items/EquipmentManager.cs using Guid(1fd1283b44c2590468424e0fc508c9c5) Importer(815301076,1909f56bfc062723c751e8b465ee728b)  -> (artifact id: 'fadccb90a56c4dc242fd44ab8d6c54a5') in 0.006463 seconds
  Import took 0.009663 seconds .

========================================================================
Received Import Request.
  Time since last request: 148.706985 seconds.
  path: Assets/Scripts/Items/EquipmentManager.cs
  artifactKey: Guid(1fd1283b44c2590468424e0fc508c9c5) Importer(815301076,1909f56bfc062723c751e8b465ee728b)
Start importing Assets/Scripts/Items/EquipmentManager.cs using Guid(1fd1283b44c2590468424e0fc508c9c5) Importer(815301076,1909f56bfc062723c751e8b465ee728b)  -> (artifact id: 'c724e466d944fbc527a243f16298d6d9') in 0.002874 seconds
  Import took 0.007170 seconds .

========================================================================
Received Import Request.
  Time since last request: 0.161671 seconds.
  path: Assets/Scripts/Items/EquipmentManager.cs
  artifactKey: Guid(1fd1283b44c2590468424e0fc508c9c5) Importer(815301076,1909f56bfc062723c751e8b465ee728b)
Start importing Assets/Scripts/Items/EquipmentManager.cs using Guid(1fd1283b44c2590468424e0fc508c9c5) Importer(815301076,1909f56bfc062723c751e8b465ee728b)  -> (artifact id: 'c724e466d944fbc527a243f16298d6d9') in 0.002681 seconds
  Import took 0.005472 seconds .

========================================================================
Received Prepare
Registering precompiled user dll's ...
Registered in 0.002600 seconds.
Begin MonoManager ReloadAssembly
Native extension for Lumin target not found
Native extension for LinuxStandalone target not found
Native extension for WindowsStandalone target not found
Native extension for OSXStandalone target not found
Native extension for WebGL target not found
Refreshing native plugins compatible for Editor in 0.37 ms, found 2 plugins.
Preloading 0 native plugins for Editor in 0.00 ms.
Mono: successfully reloaded assembly
- Completed reload, in  0.975 seconds
Platform modules already initialized, skipping
Refreshing native plugins compatible for Editor in 0.38 ms, found 2 plugins.
Preloading 0 native plugins for Editor in 0.00 ms.
Unloading 1917 Unused Serialized files (Serialized files now loaded: 0)
System memory in use before: 88.5 MB.
System memory in use after: 88.6 MB.

Unloading 14 unused Assets to reduce memory usage. Loaded Objects now: 2362.
Total: 2.005700 ms (FindLiveObjects: 0.172600 ms CreateObjectMapping: 0.044000 ms MarkObjects: 1.769900 ms  DeleteObjects: 0.018200 ms)

========================================================================
Received Prepare
Registering precompiled user dll's ...
Registered in 0.002558 seconds.
Begin MonoManager ReloadAssembly
Native extension for Lumin target not found
Native extension for LinuxStandalone target not found
Native extension for WindowsStandalone target not found
Native extension for OSXStandalone target not found
Native extension for WebGL target not found
Refreshing native plugins compatible for Editor in 0.37 ms, found 2 plugins.
Preloading 0 native plugins for Editor in 0.00 ms.
Mono: successfully reloaded assembly
- Completed reload, in  0.896 seconds
Platform modules already initialized, skipping
Refreshing native plugins compatible for Editor in 0.47 ms, found 2 plugins.
Preloading 0 native plugins for Editor in 0.00 ms.
Unloading 1917 Unused Serialized files (Serialized files now loaded: 0)
System memory in use before: 88.5 MB.
System memory in use after: 88.6 MB.

Unloading 14 unused Assets to reduce memory usage. Loaded Objects now: 2365.
Total: 2.008600 ms (FindLiveObjects: 0.186500 ms CreateObjectMapping: 0.045700 ms MarkObjects: 1.757300 ms  DeleteObjects: 0.017900 ms)

========================================================================
Received Import Request.
  Time since last request: 506.585131 seconds.
  path: Assets/Scripts/Items/EquipmentManager.cs
  artifactKey: Guid(1fd1283b44c2590468424e0fc508c9c5) Importer(815301076,1909f56bfc062723c751e8b465ee728b)
Start importing Assets/Scripts/Items/EquipmentManager.cs using Guid(1fd1283b44c2590468424e0fc508c9c5) Importer(815301076,1909f56bfc062723c751e8b465ee728b)  -> (artifact id: '3b01d5e2a28406996c7c9b0d9891c5ab') in 0.007897 seconds
  Import took 0.010830 seconds .

========================================================================
Received Import Request.
  Time since last request: 0.916109 seconds.
  path: Assets/Scripts/Items/EquipmentManager.cs
  artifactKey: Guid(1fd1283b44c2590468424e0fc508c9c5) Importer(815301076,1909f56bfc062723c751e8b465ee728b)
Start importing Assets/Scripts/Items/EquipmentManager.cs using Guid(1fd1283b44c2590468424e0fc508c9c5) Importer(815301076,1909f56bfc062723c751e8b465ee728b)  -> (artifact id: '3b01d5e2a28406996c7c9b0d9891c5ab') in 0.002608 seconds
  Import took 0.005286 seconds .

========================================================================
Received Prepare
Registering precompiled user dll's ...
Registered in 0.002346 seconds.
Begin MonoManager ReloadAssembly
Native extension for Lumin target not found
Native extension for LinuxStandalone target not found
Native extension for WindowsStandalone target not found
Native extension for OSXStandalone target not found
Native extension for WebGL target not found
Refreshing native plugins compatible for Editor in 0.38 ms, found 2 plugins.
Preloading 0 native plugins for Editor in 0.00 ms.
Mono: successfully reloaded assembly
- Completed reload, in  0.888 seconds
Platform modules already initialized, skipping
Refreshing native plugins compatible for Editor in 0.34 ms, found 2 plugins.
Preloading 0 native plugins for Editor in 0.00 ms.
Unloading 1917 Unused Serialized files (Serialized files now loaded: 0)
System memory in use before: 88.6 MB.
System memory in use after: 88.7 MB.

Unloading 14 unused Assets to reduce memory usage. Loaded Objects now: 2368.
Total: 1.963800 ms (FindLiveObjects: 0.164300 ms CreateObjectMapping: 0.045100 ms MarkObjects: 1.735600 ms  DeleteObjects: 0.017500 ms)

========================================================================
Received Prepare
Registering precompiled user dll's ...
Registered in 0.002428 seconds.
Begin MonoManager ReloadAssembly
Native extension for Lumin target not found
Native extension for LinuxStandalone target not found
Native extension for WindowsStandalone target not found
Native extension for OSXStandalone target not found
Native extension for WebGL target not found
Refreshing native plugins compatible for Editor in 0.40 ms, found 2 plugins.
Preloading 0 native plugins for Editor in 0.00 ms.
Mono: successfully reloaded assembly
- Completed reload, in  0.902 seconds
Platform modules already initialized, skipping
Refreshing native plugins compatible for Editor in 0.33 ms, found 2 plugins.
Preloading 0 native plugins for Editor in 0.00 ms.
Unloading 1917 Unused Serialized files (Serialized files now loaded: 0)
System memory in use before: 88.6 MB.
System memory in use after: 88.7 MB.

Unloading 14 unused Assets to reduce memory usage. Loaded Objects now: 2371.
Total: 2.008400 ms (FindLiveObjects: 0.183200 ms CreateObjectMapping: 0.051800 ms MarkObjects: 1.754200 ms  DeleteObjects: 0.018300 ms)

========================================================================
Received Import Request.
  Time since last request: 116.284369 seconds.
  path: Assets/Scripts/Items/EquipmentManager.cs
  artifactKey: Guid(1fd1283b44c2590468424e0fc508c9c5) Importer(815301076,1909f56bfc062723c751e8b465ee728b)
Start importing Assets/Scripts/Items/EquipmentManager.cs using Guid(1fd1283b44c2590468424e0fc508c9c5) Importer(815301076,1909f56bfc062723c751e8b465ee728b)  -> (artifact id: '069f07dc37ff75ebb7c5a1fdbc8c36b3') in 0.007975 seconds
  Import took 0.010604 seconds .

========================================================================
Received Import Request.
  Time since last request: 0.938875 seconds.
  path: Assets/Scripts/Items/EquipmentManager.cs
  artifactKey: Guid(1fd1283b44c2590468424e0fc508c9c5) Importer(815301076,1909f56bfc062723c751e8b465ee728b)
Start importing Assets/Scripts/Items/EquipmentManager.cs using Guid(1fd1283b44c2590468424e0fc508c9c5) Importer(815301076,1909f56bfc062723c751e8b465ee728b)  -> (artifact id: '069f07dc37ff75ebb7c5a1fdbc8c36b3') in 0.002527 seconds
  Import took 0.005036 seconds .

========================================================================
Received Prepare
Registering precompiled user dll's ...
Registered in 0.002307 seconds.
Begin MonoManager ReloadAssembly
Native extension for Lumin target not found
Native extension for LinuxStandalone target not found
Native extension for WindowsStandalone target not found
Native extension for OSXStandalone target not found
Native extension for WebGL target not found
Refreshing native plugins compatible for Editor in 0.40 ms, found 2 plugins.
Preloading 0 native plugins for Editor in 0.00 ms.
Mono: successfully reloaded assembly
- Completed reload, in  0.941 seconds
Platform modules already initialized, skipping
Refreshing native plugins compatible for Editor in 0.38 ms, found 2 plugins.
Preloading 0 native plugins for Editor in 0.00 ms.
Unloading 1917 Unused Serialized files (Serialized files now loaded: 0)
System memory in use before: 88.6 MB.
System memory in use after: 88.7 MB.

Unloading 14 unused Assets to reduce memory usage. Loaded Objects now: 2374.
Total: 2.032700 ms (FindLiveObjects: 0.180300 ms CreateObjectMapping: 0.044600 ms MarkObjects: 1.789300 ms  DeleteObjects: 0.017700 ms)

========================================================================
Received Prepare
Registering precompiled user dll's ...
Registered in 0.002312 seconds.
Begin MonoManager ReloadAssembly
Native extension for Lumin target not found
Native extension for LinuxStandalone target not found
Native extension for WindowsStandalone target not found
Native extension for OSXStandalone target not found
Native extension for WebGL target not found
Refreshing native plugins compatible for Editor in 0.37 ms, found 2 plugins.
Preloading 0 native plugins for Editor in 0.00 ms.
Mono: successfully reloaded assembly
- Completed reload, in  0.886 seconds
Platform modules already initialized, skipping
Refreshing native plugins compatible for Editor in 0.34 ms, found 2 plugins.
Preloading 0 native plugins for Editor in 0.00 ms.
Unloading 1917 Unused Serialized files (Serialized files now loaded: 0)
System memory in use before: 88.6 MB.
System memory in use after: 88.7 MB.

Unloading 14 unused Assets to reduce memory usage. Loaded Objects now: 2377.
Total: 1.986500 ms (FindLiveObjects: 0.165700 ms CreateObjectMapping: 0.043900 ms MarkObjects: 1.758300 ms  DeleteObjects: 0.017600 ms)

========================================================================
Received Prepare
Registering precompiled user dll's ...
Registered in 0.002575 seconds.
Begin MonoManager ReloadAssembly
Native extension for Lumin target not found
Native extension for LinuxStandalone target not found
Native extension for WindowsStandalone target not found
Native extension for OSXStandalone target not found
Native extension for WebGL target not found
Refreshing native plugins compatible for Editor in 0.37 ms, found 2 plugins.
Preloading 0 native plugins for Editor in 0.00 ms.
Mono: successfully reloaded assembly
- Completed reload, in  0.895 seconds
Platform modules already initialized, skipping
Refreshing native plugins compatible for Editor in 0.33 ms, found 2 plugins.
Preloading 0 native plugins for Editor in 0.00 ms.
Unloading 1917 Unused Serialized files (Serialized files now loaded: 0)
System memory in use before: 88.6 MB.
System memory in use after: 88.7 MB.

Unloading 14 unused Assets to reduce memory usage. Loaded Objects now: 2380.
Total: 1.961300 ms (FindLiveObjects: 0.167900 ms CreateObjectMapping: 0.042800 ms MarkObjects: 1.730700 ms  DeleteObjects: 0.018900 ms)

AssetImportWorkerClient::OnTransportError - code=2 error=End of file
